<?xml version="1.0" encoding="utf-8"?><testsuites><testsuite name="pytest" errors="0" failures="0" skipped="0" tests="6" time="1.253" timestamp="2023-07-25T13:35:40.842266" hostname="fedora"><testcase classname="tests.unit.plugins.modules.test_links_load.TestLinksLoad" name="test_links_load_kube" file="tests/unit/plugins/modules/test_links_load.py" line="38" time="0.003" /><testcase classname="tests.unit.plugins.modules.test_links_load.TestLinksLoad" name="test_site_load_podman" file="tests/unit/plugins/modules/test_links_load.py" line="52" time="0.004" /><testcase classname="tests.unit.plugins.modules.test_services_load.TestServicesLoad" name="test_site_load_podman" file="tests/unit/plugins/modules/test_services_load.py" line="113" time="0.004" /><testcase classname="tests.unit.plugins.modules.test_site_load.TestSiteLoad" name="test_site_load_podman" file="tests/unit/plugins/modules/test_site_load.py" line="90" time="0.005" /><testcase classname="tests.unit.plugins.modules.test_site_load.TestSiteLoad" name="test_site_load_kube" file="tests/unit/plugins/modules/test_site_load.py" line="71" time="0.005" /><testcase classname="tests.unit.plugins.modules.test_services_load.TestServicesLoad" name="test_services_load_kube" file="tests/unit/plugins/modules/test_services_load.py" line="64" time="0.005" /></testsuite></testsuites>